<?xml version="1.0" encoding="UTF-8"?>
<testsuites name="jest tests" tests="9" failures="0" errors="0" time="1.589">
  <testsuite name="migration #74" errors="0" failures="0" skipped="0" timestamp="2022-09-28T15:39:56" time="1.319" tests="9">
    <testcase classname="migration #74 should update the version metadata" name="migration #74 should update the version metadata" time="0.002">
    </testcase>
    <testcase classname="migration #74 should add a deprecated testnet to custom networks if that network is currently selected and modify the provider type" name="migration #74 should add a deprecated testnet to custom networks if that network is currently selected and modify the provider type" time="0.001">
    </testcase>
    <testcase classname="migration #74 should not add a deprecated testnet to custom networks if no deprecated testnet is selected" name="migration #74 should not add a deprecated testnet to custom networks if no deprecated testnet is selected" time="0">
    </testcase>
    <testcase classname="migration #74 should add a deprecated testnet to custom networks if a transaction has been sent from that network" name="migration #74 should add a deprecated testnet to custom networks if a transaction has been sent from that network" time="0.001">
    </testcase>
    <testcase classname="migration #74 should add a deprecated testnet to custom networks if there is balance on that network" name="migration #74 should add a deprecated testnet to custom networks if there is balance on that network" time="0.001">
    </testcase>
    <testcase classname="migration #74 should add all three deprecated testnets to custom networks if each has a different reason for being added" name="migration #74 should add all three deprecated testnets to custom networks if each has a different reason for being added" time="0">
    </testcase>
    <testcase classname="migration #74 should not add deprecated testnets to custom networks if none is selected and showTestNetworks is false" name="migration #74 should not add deprecated testnets to custom networks if none is selected and showTestNetworks is false" time="0">
    </testcase>
    <testcase classname="migration #74 should not alter or remove existing custom networks when no deprecated testnets are being added" name="migration #74 should not alter or remove existing custom networks when no deprecated testnets are being added" time="0">
    </testcase>
    <testcase classname="migration #74 should not modify an existing custom network with the same chainId as a deprecated testnet" name="migration #74 should not modify an existing custom network with the same chainId as a deprecated testnet" time="0.001">
    </testcase>
  </testsuite>
</testsuites>